<?xml version="1.0" encoding="UTF-8"?>
<!-- Generated by org.testng.reporters.JUnitXMLReporter -->
<testsuite ignored="0" hostname="user-PC" failures="1" tests="2" name="facebook" time="71.252" errors="0" timestamp="2022-04-05T21:18:55 IST">
  <testcase classname="parallel_executions.ParellelExcecutionTestLevel" name="getUrl2" time="0.0">
    <failure type="org.testng.TestNGException" message="
Parameter &amp;apos;url1&amp;apos; is required by @Test on method getUrl2 but has not been marked @Optional or defined
in F:\SOFTWARE TESTING\Selenium Automation testing\TestLevelParellelexetestng.xml">
      <![CDATA[org.testng.TestNGException: 
Parameter 'url1' is required by @Test on method getUrl2 but has not been marked @Optional or defined
in F:\SOFTWARE TESTING\Selenium Automation testing\TestLevelParellelexetestng.xml
at java.base/java.util.ArrayList.forEach(ArrayList.java:1511)
at java.base/java.util.concurrent.FutureTask.run(FutureTask.java:264)
at java.base/java.util.concurrent.ThreadPoolExecutor.runWorker(ThreadPoolExecutor.java:1136)
at java.base/java.util.concurrent.ThreadPoolExecutor$Worker.run(ThreadPoolExecutor.java:635)
at java.base/java.lang.Thread.run(Thread.java:833)
... Removed 17 stack frames]]>
    </failure>
  </testcase> <!-- getUrl2 -->
  <testcase classname="parallel_executions.ParellelExcecutionTestLevel" name="gtUrl" time="71.142"/>
</testsuite> <!-- facebook -->
