<?xml version="1.0" encoding="UTF-8"?>
<!-- Generated by org.testng.reporters.JUnitXMLReporter -->
<testsuite ignored="0" hostname="user-PC" failures="1" tests="2" name="Google" time="73.709" errors="0" timestamp="2022-04-05T21:18:57 IST">
  <testcase classname="parallel_executions.ParellelExcecutionTestLevel" name="getUrl2" time="73.59"/>
  <testcase classname="parallel_executions.ParellelExcecutionTestLevel" name="gtUrl" time="0.0">
    <failure type="org.testng.TestNGException" message="
Parameter &amp;apos;url&amp;apos; is required by @Test on method gtUrl but has not been marked @Optional or defined
in F:\SOFTWARE TESTING\Selenium Automation testing\TestLevelParellelexetestng.xml">
      <![CDATA[org.testng.TestNGException: 
Parameter 'url' is required by @Test on method gtUrl but has not been marked @Optional or defined
in F:\SOFTWARE TESTING\Selenium Automation testing\TestLevelParellelexetestng.xml
at java.base/java.util.ArrayList.forEach(ArrayList.java:1511)
at java.base/java.util.concurrent.FutureTask.run(FutureTask.java:264)
at java.base/java.util.concurrent.ThreadPoolExecutor.runWorker(ThreadPoolExecutor.java:1136)
at java.base/java.util.concurrent.ThreadPoolExecutor$Worker.run(ThreadPoolExecutor.java:635)
at java.base/java.lang.Thread.run(Thread.java:833)
... Removed 17 stack frames]]>
    </failure>
  </testcase> <!-- gtUrl -->
</testsuite> <!-- Google -->
